{"contracts/lottery.sol":{"l":{"52":0,"53":0,"54":0,"55":0,"56":0,"57":0,"58":0,"59":0,"68":0,"69":0,"71":0,"72":0,"74":0,"76":0,"88":0,"89":0,"90":0,"91":0,"93":0,"97":0,"99":0,"100":0,"107":0,"114":0,"115":0,"122":0,"124":0,"126":0,"127":0,"129":0,"130":0,"132":0,"134":0,"136":0,"138":0},"path":"/Users/anuoluwapo/Desktop/smartcontracts/lottery contract/lotterySmartContract/contracts/lottery.sol","s":{"1":0,"2":0,"3":0,"4":0,"5":0,"6":0,"7":0,"8":0,"9":0,"10":0,"11":0,"12":0,"13":0,"14":0,"15":0,"16":0},"b":{"1":[0,0],"2":[0,0],"3":[0,0],"4":[0,0]},"f":{"1":0,"2":0,"3":0,"4":0,"5":0},"fnMap":{"1":{"name":"constructor","line":51,"loc":{"start":{"line":44,"column":4},"end":{"line":60,"column":4}}},"2":{"name":"pay","line":67,"loc":{"start":{"line":67,"column":4},"end":{"line":77,"column":4}}},"3":{"name":"checkUpkeep","line":80,"loc":{"start":{"line":80,"column":4},"end":{"line":94,"column":4}}},"4":{"name":"performUpkeep","line":96,"loc":{"start":{"line":96,"column":4},"end":{"line":116,"column":4}}},"5":{"name":"fulfillRandomWords","line":118,"loc":{"start":{"line":118,"column":4},"end":{"line":139,"column":4}}}},"statementMap":{"1":{"start":{"line":68,"column":8},"end":{"line":68,"column":2360}},"2":{"start":{"line":71,"column":8},"end":{"line":71,"column":2458}},"3":{"start":{"line":74,"column":8},"end":{"line":74,"column":45}},"4":{"start":{"line":76,"column":8},"end":{"line":76,"column":42}},"5":{"start":{"line":88,"column":8},"end":{"line":88,"column":51}},"6":{"start":{"line":89,"column":8},"end":{"line":89,"column":49}},"7":{"start":{"line":90,"column":8},"end":{"line":90,"column":60}},"8":{"start":{"line":91,"column":8},"end":{"line":91,"column":77}},"9":{"start":{"line":97,"column":8},"end":{"line":97,"column":49}},"10":{"start":{"line":99,"column":8},"end":{"line":99,"column":3363}},"11":{"start":{"line":115,"column":8},"end":{"line":115,"column":41}},"12":{"start":{"line":122,"column":8},"end":{"line":122,"column":68}},"13":{"start":{"line":124,"column":8},"end":{"line":124,"column":60}},"14":{"start":{"line":127,"column":8},"end":{"line":127,"column":72}},"15":{"start":{"line":129,"column":8},"end":{"line":129,"column":4258}},"16":{"start":{"line":138,"column":8},"end":{"line":138,"column":34}}},"branchMap":{"1":{"line":68,"type":"if","locations":[{"start":{"line":68,"column":8},"end":{"line":68,"column":8}},{"start":{"line":68,"column":8},"end":{"line":68,"column":8}}]},"2":{"line":71,"type":"if","locations":[{"start":{"line":71,"column":8},"end":{"line":71,"column":8}},{"start":{"line":71,"column":8},"end":{"line":71,"column":8}}]},"3":{"line":99,"type":"if","locations":[{"start":{"line":99,"column":8},"end":{"line":99,"column":8}},{"start":{"line":99,"column":8},"end":{"line":99,"column":8}}]},"4":{"line":129,"type":"if","locations":[{"start":{"line":129,"column":8},"end":{"line":129,"column":8}},{"start":{"line":129,"column":8},"end":{"line":129,"column":8}}]}}},"contracts/mock/VRFCOORDINATOR.MOCK.sol":{"l":{},"path":"/Users/anuoluwapo/Desktop/smartcontracts/lottery contract/lotterySmartContract/contracts/mock/VRFCOORDINATOR.MOCK.sol","s":{},"b":{},"f":{},"fnMap":{},"statementMap":{},"branchMap":{}}}