TN:
SF:/Users/anuoluwapo/Desktop/smartcontracts/lottery contract/lotterySmartContract/contracts/lottery.sol
FN:51,constructor
FN:67,pay
FN:80,checkUpkeep
FN:96,performUpkeep
FN:118,fulfillRandomWords
FNF:5
FNH:0
FNDA:0,constructor
FNDA:0,pay
FNDA:0,checkUpkeep
FNDA:0,performUpkeep
FNDA:0,fulfillRandomWords
DA:52,0
DA:53,0
DA:54,0
DA:55,0
DA:56,0
DA:57,0
DA:58,0
DA:59,0
DA:68,0
DA:69,0
DA:71,0
DA:72,0
DA:74,0
DA:76,0
DA:88,0
DA:89,0
DA:90,0
DA:91,0
DA:93,0
DA:97,0
DA:99,0
DA:100,0
DA:107,0
DA:114,0
DA:115,0
DA:122,0
DA:124,0
DA:126,0
DA:127,0
DA:129,0
DA:130,0
DA:132,0
DA:134,0
DA:136,0
DA:138,0
LF:35
LH:0
BRDA:68,1,0,0
BRDA:68,1,1,0
BRDA:71,2,0,0
BRDA:71,2,1,0
BRDA:99,3,0,0
BRDA:99,3,1,0
BRDA:129,4,0,0
BRDA:129,4,1,0
BRF:8
BRH:0
end_of_record
TN:
SF:/Users/anuoluwapo/Desktop/smartcontracts/lottery contract/lotterySmartContract/contracts/mock/VRFCOORDINATOR.MOCK.sol
FNF:0
FNH:0
LF:0
LH:0
BRF:0
BRH:0
end_of_record
